<?xml version="1.0" encoding="UTF-8"?>
<!-- Generated by org.testng.reporters.JUnitReportReporter -->
<testsuite hostname="Supreeths-MacBook-Pro.local" name="ex1.ExtentReportDemo.ExtentEx1" tests="1" failures="0" timestamp="10 Jun 2020 20:28:43 GMT" time="5.314" errors="0">
  <testcase name="initialDemo" time="5.314" classname="ex1.ExtentReportDemo.ExtentEx1"/>
</testsuite> <!-- ex1.ExtentReportDemo.ExtentEx1 -->
